<?xml version="1.0" encoding="UTF-8"?>
<!-- Generated by org.testng.reporters.JUnitReportReporter -->
<testsuite hostname="LAPTOP-7JRM91AM" failures="0" tests="2" name="com.telran.tests.bookStore.LoginPageTest" time="8.757" errors="0" timestamp="2022-11-07T11:28:26 MEZ" skipped="1">
  <testcase classname="com.telran.tests.bookStore.LoginPageTest" name="loginPositiveParametersTest" time="8.757"/>
  <system-out/>
  <testcase classname="com.telran.tests.bookStore.LoginPageTest" name="loginPositiveTest">
    <skipped/>
  </testcase> <!-- loginPositiveTest -->
  <system-out/>
</testsuite> <!-- com.telran.tests.bookStore.LoginPageTest -->
