<?xml version="1.0" encoding="UTF-8"?>
<!-- Generated by org.testng.reporters.JUnitReportReporter -->
<testsuite hostname="LAPTOP-7JRM91AM" failures="0" tests="5" name="com.telran.tests.forms.PracticeFormsTest" time="48.846" errors="0" timestamp="2022-11-07T10:41:40 MEZ" skipped="0">
  <testcase classname="com.telran.tests.forms.PracticeFormsTest" name="fillStudentRegistrationFormTest" time="9.869"/>
  <system-out/>
  <testcase classname="com.telran.tests.forms.PracticeFormsTest" name="fillStudentRegistrationFormTestWithCsv" time="10.281"/>
  <system-out/>
  <testcase classname="com.telran.tests.forms.PracticeFormsTest" name="fillStudentRegistrationFormTestWithDataProvider" time="9.719"/>
  <system-out/>
  <testcase classname="com.telran.tests.forms.PracticeFormsTest" name="fillStudentRegistrationFormTestWithCsv" time="9.448"/>
  <system-out/>
  <testcase classname="com.telran.tests.forms.PracticeFormsTest" name="fillStudentRegistrationFormTestWithDataProvider" time="9.529"/>
  <system-out/>
</testsuite> <!-- com.telran.tests.forms.PracticeFormsTest -->
